
/home/runner/work/exp-protein-dna-emsa-iitkgp/exp-protein-dna-emsa-iitkgp/experiment/simulation/js/jsplumb.js
     68:9   warning  'root' is assigned a value but never used                                  no-unused-vars
    130:18  warning  'i' is already defined                                                     no-redeclare
    184:18  warning  'i' is already defined                                                     no-redeclare
    242:22  warning  'j' is already defined                                                     no-redeclare
    264:56  warning  't' is defined but never used                                              no-unused-vars
    279:26  warning  'j' is already defined                                                     no-redeclare
    582:9   warning  'exports' is not defined                                                   no-undef
    616:1   warning  Unnecessary semicolon                                                      no-extra-semi
    626:9   warning  'exports' is not defined                                                   no-undef
    661:9   warning  '_normal' is assigned a value but never used                               no-unused-vars
    672:9   warning  '_lineLength' is assigned a value but never used                           no-unused-vars
    706:9   warning  '_theta' is assigned a value but never used                                no-unused-vars
    725:9   warning  '_intersects' is assigned a value but never used                           no-unused-vars
    747:9   warning  '_encloses' is assigned a value but never used                             no-unused-vars
    764:9   warning  '_pointOnLine' is assigned a value but never used                          no-unused-vars
    781:9   warning  '_perpendicularLineTo' is assigned a value but never used                  no-unused-vars
    789:1   warning  Unnecessary semicolon                                                      no-extra-semi
    846:28  warning  'view' is defined but never used                                           no-unused-vars
    846:34  warning  'target' is defined but never used                                         no-unused-vars
    846:42  warning  'pageX' is defined but never used                                          no-unused-vars
    846:49  warning  'pageY' is defined but never used                                          no-unused-vars
    846:56  warning  'screenX' is defined but never used                                        no-unused-vars
    846:65  warning  'screenY' is defined but never used                                        no-unused-vars
    846:74  warning  'clientX' is defined but never used                                        no-unused-vars
    846:83  warning  'clientY' is defined but never used                                        no-unused-vars
   1040:58  warning  Do not access Object.prototype method 'hasOwnProperty' from target object  no-prototype-builtins
   1082:39  warning  Do not access Object.prototype method 'hasOwnProperty' from target object  no-prototype-builtins
   1132:9   warning  'touchstart' is assigned a value but never used                            no-unused-vars
   1132:36  warning  'touchend' is assigned a value but never used                              no-unused-vars
   1132:59  warning  'touchmove' is assigned a value but never used                             no-unused-vars
   1137:54  warning  Unnecessary escape character: \.                                           no-useless-escape
   1223:73  warning  Invalid typeof comparison value                                            valid-typeof
   1286:38  warning  Do not access Object.prototype method 'hasOwnProperty' from target object  no-prototype-builtins
   1288:51  warning  Do not access Object.prototype method 'hasOwnProperty' from target object  no-prototype-builtins
   1310:29  warning  'el' is defined but never used                                             no-unused-vars
   1310:33  warning  'event' is defined but never used                                          no-unused-vars
   1310:40  warning  'children' is defined but never used                                       no-unused-vars
   1310:50  warning  'fn' is defined but never used                                             no-unused-vars
   1457:9   warning  'exports' is not defined                                                   no-undef
   1490:1   warning  Unnecessary semicolon                                                      no-extra-semi
   1595:54  warning  Unnecessary escape character: \.                                           no-useless-escape
   1719:42  warning  'scope' is defined but never used                                          no-unused-vars
   1727:13  warning  'scroll' is assigned a value but never used                                no-unused-vars
   1875:13  warning  '_addFilter' is assigned a value but never used                            no-unused-vars
   1876:13  warning  '_removeFilter' is assigned a value but never used                         no-unused-vars
   2091:31  warning  Empty block statement                                                      no-empty
   2280:42  warning  'scope' is defined but never used                                          no-unused-vars
   2300:56  warning  'drag' is defined but never used                                           no-unused-vars
   2388:13  warning  '_getMatchingDroppables' is assigned a value but never used                no-unused-vars
   2432:18  warning  'i' is already defined                                                     no-redeclare
   2754:40  warning  'spec' is defined but never used                                           no-unused-vars
   2777:38  warning  'spec' is defined but never used                                           no-unused-vars
   2862:9   warning  'exports' is not defined                                                   no-undef
   2874:42  warning  'exports' is not defined                                                   no-undef
   2915:19  warning  Do not access Object.prototype method 'hasOwnProperty' from target object  no-prototype-builtins
   3011:26  warning  Unnecessary escape character: \.                                           no-useless-escape
   3012:40  warning  Unnecessary escape character: \[                                           no-useless-escape
   3180:36  warning  '_protoFn' is defined but never used                                       no-unused-vars
   3188:45  warning  Do not access Object.prototype method 'hasOwnProperty' from target object  no-prototype-builtins
   3188:83  warning  Do not access Object.prototype method 'hasOwnProperty' from target object  no-prototype-builtins
   3201:41  warning  Do not access Object.prototype method 'hasOwnProperty' from target object  no-prototype-builtins
   3201:79  warning  Do not access Object.prototype method 'hasOwnProperty' from target object  no-prototype-builtins
   3242:42  warning  Empty block statement                                                      no-empty
   3320:23  warning  Empty block statement                                                      no-empty
   3488:2   warning  Unnecessary semicolon                                                      no-extra-semi
   3553:1   warning  Unnecessary semicolon                                                      no-extra-semi
   3585:9   warning  'eventFilters' is assigned a value but never used                          no-unused-vars
   3604:9   warning  '_each' is assigned a value but never used                                 no-unused-vars
   4583:13  warning  '_setDraggable' is assigned a value but never used                         no-unused-vars
   4807:56  warning  'args' is defined but never used                                           no-unused-vars
   4855:60  warning  'cEl' is assigned a value but never used                                   no-unused-vars
   5481:13  warning  '_unmanage' is assigned a value but never used                             no-unused-vars
   5576:68  warning  'jsPlumbInstance' is assigned a value but never used                       no-unused-vars
   6146:39  warning  'scope' is defined but never used                                          no-unused-vars
   6751:9   warning  'exports' is not defined                                                   no-undef
   6766:1   warning  Unnecessary semicolon                                                      no-extra-semi
   6882:36  warning  'ignoreAttachedElements' is defined but never used                         no-unused-vars
   7059:1   warning  Unnecessary semicolon                                                      no-extra-semi
   7304:41  warning  'doNotRepaint' is defined but never used                                   no-unused-vars
   7309:50  warning  'doNotRepaint' is defined but never used                                   no-unused-vars
   7374:53  warning  'fireEvent' is defined but never used                                      no-unused-vars
   7374:64  warning  'originalEvent' is defined but never used                                  no-unused-vars
   7488:52  warning  Do not access Object.prototype method 'hasOwnProperty' from target object  no-prototype-builtins
   7534:39  warning  'startParams' is defined but never used                                    no-unused-vars
   8111:17  warning  'elId' is assigned a value but never used                                  no-unused-vars
   8348:1   warning  Unnecessary semicolon                                                      no-extra-semi
   8865:52  warning  Do not access Object.prototype method 'hasOwnProperty' from target object  no-prototype-builtins
   8889:52  warning  Do not access Object.prototype method 'hasOwnProperty' from target object  no-prototype-builtins
   8901:21  warning  'jsPlumb' is not defined                                                   no-undef
   8984:1   warning  Unnecessary semicolon                                                      no-extra-semi
   9709:27  warning  'Biltong' is not defined                                                   no-undef
  10061:23  warning  'jsPlumbUtil' is not defined                                               no-undef
  10293:1   warning  Unnecessary semicolon                                                      no-extra-semi
  10323:53  warning  'x' is defined but never used                                              no-unused-vars
  10323:56  warning  'y' is defined but never used                                              no-unused-vars
  10350:46  warning  'x1' is defined but never used                                             no-unused-vars
  10350:50  warning  'y1' is defined but never used                                             no-unused-vars
  10350:54  warning  'x2' is defined but never used                                             no-unused-vars
  10350:58  warning  'y2' is defined but never used                                             no-unused-vars
  10383:17  warning  '_super' is assigned a value but never used                                no-unused-vars
  10441:46  warning  '_' is defined but never used                                              no-unused-vars
  10643:17  warning  '_super' is assigned a value but never used                                no-unused-vars
  10789:17  warning  '_super' is assigned a value but never used                                no-unused-vars
  11112:13  warning  'dumpSegmentsToConsole' is assigned a value but never used                 no-unused-vars
  11168:48  warning  'anchorPoint' is defined but never used                                    no-unused-vars
  11168:61  warning  'orientation' is defined but never used                                    no-unused-vars
  11168:74  warning  'endpointStyle' is defined but never used                                  no-unused-vars
  11168:89  warning  'connectorPaintStyle' is defined but never used                            no-unused-vars
  11201:13  warning  '_super' is assigned a value but never used                                no-unused-vars
  11207:76  warning  'connectorPaintStyle' is defined but never used                            no-unused-vars
  11228:13  warning  '_super' is assigned a value but never used                                no-unused-vars
  11233:76  warning  'connectorPaintStyle' is defined but never used                            no-unused-vars
  11244:40  warning  'params' is defined but never used                                         no-unused-vars
  11322:48  warning  'orientation' is defined but never used                                    no-unused-vars
  11322:61  warning  'endpointStyle' is defined but never used                                  no-unused-vars
  11322:76  warning  'connectorPaintStyle' is defined but never used                            no-unused-vars
  11348:40  warning  'd' is defined but never used                                              no-unused-vars
  11348:43  warning  'style' is defined but never used                                          no-unused-vars
  11348:50  warning  'anchor' is defined but never used                                         no-unused-vars
  11391:13  warning  '_super' is assigned a value but never used                                no-unused-vars
  11394:48  warning  'orientation' is defined but never used                                    no-unused-vars
  11394:61  warning  'endpointStyle' is defined but never used                                  no-unused-vars
  11394:76  warning  'connectorPaintStyle' is defined but never used                            no-unused-vars
  11410:32  warning  'style' is defined but never used                                          no-unused-vars
  11410:39  warning  'anchor' is defined but never used                                         no-unused-vars
  11443:76  warning  'connectorPaintStyle' is defined but never used                            no-unused-vars
  11472:27  warning  'instance' is defined but never used                                       no-unused-vars
  11472:37  warning  'component' is defined but never used                                      no-unused-vars
  11541:43  warning  'component' is defined but never used                                      no-unused-vars
  11705:17  warning  'jsPlumb' is not defined                                                   no-undef
  11812:37  warning  'component' is defined but never used                                      no-unused-vars
  11822:29  warning  'containerExtents' is defined but never used                               no-unused-vars
  11850:37  warning  'params' is defined but never used                                         no-unused-vars
  11863:42  warning  'currentConnectionPaintStyle' is defined but never used                    no-unused-vars
  11907:13  warning  'labelWidth' is assigned a value but never used                            no-unused-vars
  11907:32  warning  'labelHeight' is assigned a value but never used                           no-unused-vars
  11907:52  warning  'labelText' is assigned a value but never used                             no-unused-vars
  11907:70  warning  'labelPadding' is assigned a value but never used                          no-unused-vars
  11997:1   warning  Unnecessary semicolon                                                      no-extra-semi
  12441:35  warning  'conn' is defined but never used                                           no-unused-vars
  12441:41  warning  'endpointIndex' is defined but never used                                  no-unused-vars
  12445:37  warning  'conn' is defined but never used                                           no-unused-vars
  12445:43  warning  'endpointIndex' is defined but never used                                  no-unused-vars
  12453:56  warning  'jsPlumb' is not defined                                                   no-undef
  12489:38  warning  '_el' is defined but never used                                            no-unused-vars
  12489:43  warning  'targetGroup' is defined but never used                                    no-unused-vars
  12539:25  warning  'jsPlumbUtil' is not defined                                               no-undef
  12883:1   warning  Unnecessary semicolon                                                      no-extra-semi
  12899:41  warning  'lastOrientation' is assigned a value but never used                       no-unused-vars
  12903:13  warning  'loopbackRadius' is assigned a value but never used                        no-unused-vars
  12904:13  warning  'isLoopbackCurrently' is assigned a value but never used                   no-unused-vars
  13248:1   warning  Unnecessary semicolon                                                      no-extra-semi
  13257:13  warning  'curviness' is assigned a value but never used                             no-unused-vars
  13259:13  warning  'proximityLimit' is assigned a value but never used                        no-unused-vars
  13262:13  warning  'isLoopbackCurrently' is assigned a value but never used                   no-unused-vars
  13401:1   warning  Unnecessary semicolon                                                      no-extra-semi
  13496:13  warning  'clockwise' is assigned a value but never used                             no-unused-vars
  13596:1   warning  Unnecessary semicolon                                                      no-extra-semi
  13603:30  warning  'params' is defined but never used                                         no-unused-vars
  13607:46  warning  '_' is defined but never used                                              no-unused-vars
  13628:1   warning  Unnecessary semicolon                                                      no-extra-semi
  14033:35  warning  'style' is defined but never used                                          no-unused-vars
  14056:35  warning  'style' is defined but never used                                          no-unused-vars
  14092:13  warning  'self' is assigned a value but never used                                  no-unused-vars
  14251:1   warning  Unnecessary semicolon                                                      no-extra-semi
  14444:39  warning  'jsPlumb' is not defined                                                   no-undef
  14473:29  warning  'jsPlumb' is not defined                                                   no-undef
  14480:38  warning  Do not access Object.prototype method 'hasOwnProperty' from target object  no-prototype-builtins
  14481:39  warning  'jsPlumb' is not defined                                                   no-undef
  14548:40  warning  Do not access Object.prototype method 'hasOwnProperty' from target object  no-prototype-builtins
  14639:22  warning  'jsPlumb' is not defined                                                   no-undef
  14644:24  warning  'jsPlumb' is not defined                                                   no-undef
  14770:26  warning  Do not access Object.prototype method 'hasOwnProperty' from target object  no-prototype-builtins
  14783:13  warning  'jsPlumb' is not defined                                                   no-undef
  14788:18  warning  'jsPlumb' is not defined                                                   no-undef
  14797:13  warning  'jsPlumb' is not defined                                                   no-undef
  14802:17  warning  'jsPlumb' is not defined                                                   no-undef
  14803:17  warning  'jsPlumb' is not defined                                                   no-undef
  14805:17  warning  'jsPlumb' is not defined                                                   no-undef
  14809:13  warning  'jsPlumb' is not defined                                                   no-undef
  14815:17  warning  'jsPlumb' is not defined                                                   no-undef
  14853:18  warning  'jsPlumb' is not defined                                                   no-undef
  14901:22  warning  'jsPlumb' is not defined                                                   no-undef
  14982:20  warning  'jsPlumb' is not defined                                                   no-undef
  14996:13  warning  'jsPlumb' is not defined                                                   no-undef
  15008:18  warning  'jsPlumb' is not defined                                                   no-undef
  15011:25  warning  'jsPlumb' is not defined                                                   no-undef
  15013:35  warning  'jsPlumb' is not defined                                                   no-undef
  15014:30  warning  'jsPlumb' is not defined                                                   no-undef
  15015:45  warning  'jsPlumb' is not defined                                                   no-undef
  15016:45  warning  'jsPlumb' is not defined                                                   no-undef
  15017:46  warning  'jsPlumb' is not defined                                                   no-undef
  15133:36  warning  'el' is defined but never used                                             no-unused-vars
  15133:40  warning  'options' is defined but never used                                        no-unused-vars
  15136:36  warning  'el' is defined but never used                                             no-unused-vars
  15136:40  warning  'options' is defined but never used                                        no-unused-vars
  15152:45  warning  'zoom' is defined but never used                                           no-unused-vars
  15192:33  warning  'spec' is defined but never used                                           no-unused-vars
  15201:31  warning  'spec' is defined but never used                                           no-unused-vars
  15210:38  warning  'posseId' is defined but never used                                        no-unused-vars
  15263:23  warning  'el' is defined but never used                                             no-unused-vars
  15263:27  warning  'event' is defined but never used                                          no-unused-vars
  15263:34  warning  'callback' is defined but never used                                       no-unused-vars
  15272:24  warning  'el' is defined but never used                                             no-unused-vars
  15272:28  warning  'event' is defined but never used                                          no-unused-vars
  15272:35  warning  'callback' is defined but never used                                       no-unused-vars

/home/runner/work/exp-protein-dna-emsa-iitkgp/exp-protein-dna-emsa-iitkgp/experiment/simulation/js/main.js
    13:10  warning  'restartexp' is defined but never used           no-unused-vars
    17:10  warning  'start' is defined but never used                no-unused-vars
    39:10  warning  'dna1' is defined but never used                 no-unused-vars
    48:5   warning  '$' is not defined                               no-undef
    49:5   warning  '$' is not defined                               no-undef
    54:10  warning  'dna2' is defined but never used                 no-unused-vars
    66:5   warning  '$' is not defined                               no-undef
    67:5   warning  '$' is not defined                               no-undef
    73:10  warning  'annealing_dna' is defined but never used        no-unused-vars
    85:3   warning  Move function declaration to function body root  no-inner-declarations
   110:3   warning  '$' is not defined                               no-undef
   111:5   warning  '$' is not defined                               no-undef
   116:10  warning  'buffer_prep' is defined but never used          no-unused-vars
   123:7   warning  'checkBox7' is assigned a value but never used   no-unused-vars
   124:7   warning  'checkBox8' is assigned a value but never used   no-unused-vars
   137:5   warning  '$' is not defined                               no-undef
   138:5   warning  '$' is not defined                               no-undef
   146:11  warning  'sample_mix' is defined but never used           no-unused-vars
   211:10  warning  'sample_dilutionA' is defined but never used     no-unused-vars
   227:10  warning  'sample_dilutionB' is defined but never used     no-unused-vars
   234:10  warning  'sample_dilutionC' is defined but never used     no-unused-vars
   241:10  warning  'sample_dilutionD' is defined but never used     no-unused-vars
   249:10  warning  'sample_dilutionE' is defined but never used     no-unused-vars
   262:10  warning  'ice_bucket' is defined but never used           no-unused-vars
   296:10  warning  'tris_buffer' is defined but never used          no-unused-vars
   304:10  warning  'addtribuffer' is defined but never used         no-unused-vars
   311:3   warning  'canvaside1' is not defined                      no-undef
   312:3   warning  'ctxs1' is not defined                           no-undef
   312:11  warning  'canvaside1' is not defined                      no-undef
   318:5   warning  'ctxs1' is not defined                           no-undef
   319:5   warning  'ctxs1' is not defined                           no-undef
   320:5   warning  'ctxs1' is not defined                           no-undef
   321:5   warning  'ctxs1' is not defined                           no-undef
   322:5   warning  'ctxs1' is not defined                           no-undef
   323:5   warning  'ctxs1' is not defined                           no-undef
   324:5   warning  'ctxs1' is not defined                           no-undef
   330:28  warning  'canvaside1' is not defined                      no-undef
   340:5   warning  'cancelani' is not defined                       no-undef
   346:19  warning  'ctxsdrop1' is assigned a value but never used   no-unused-vars
   347:10  warning  'sample_sampleA' is defined but never used       no-unused-vars
   363:10  warning  'p1' is defined but never used                   no-unused-vars
   364:3   warning  'clearp1' is not defined                         no-undef
   369:17  warning  'clearp1' is not defined                         no-undef
   372:3   warning  'clearmpcnge1' is not defined                    no-undef
   377:5   warning  'clearmovep1' is not defined                     no-undef
   382:17  warning  'clearmpcnge1' is not defined                    no-undef
   383:17  warning  'clearmovep1' is not defined                     no-undef
   393:10  warning  'p11' is defined but never used                  no-unused-vars
   395:3   warning  'clearp11' is not defined                        no-undef
   401:17  warning  'clearp11' is not defined                        no-undef
   404:3   warning  'clearmpcnge11' is not defined                   no-undef
   412:19  warning  'clearmpcnge11' is not defined                   no-undef
   419:10  warning  'sample_sampleB' is defined but never used       no-unused-vars
   435:10  warning  'p2' is defined but never used                   no-unused-vars
   436:3   warning  'clearp2' is not defined                         no-undef
   441:17  warning  'clearp2' is not defined                         no-undef
   444:3   warning  'clearmpcnge2' is not defined                    no-undef
   449:5   warning  'clearmovep2' is not defined                     no-undef
   454:17  warning  'clearmpcnge2' is not defined                    no-undef
   455:17  warning  'clearmovep2' is not defined                     no-undef
   465:10  warning  'p22' is defined but never used                  no-unused-vars
   467:3   warning  'clearp22' is not defined                        no-undef
   473:17  warning  'clearp22' is not defined                        no-undef
   476:3   warning  'clearmpcnge22' is not defined                   no-undef
   480:9   warning  'ctxsdrop2' is assigned a value but never used   no-unused-vars
   484:19  warning  'clearmpcnge22' is not defined                   no-undef
   489:10  warning  'sample_sampleC' is defined but never used       no-unused-vars
   504:10  warning  'p3' is defined but never used                   no-unused-vars
   505:3   warning  'clearp3' is not defined                         no-undef
   510:17  warning  'clearp3' is not defined                         no-undef
   513:3   warning  'clearmpcnge3' is not defined                    no-undef
   518:5   warning  'clearmovep3' is not defined                     no-undef
   523:17  warning  'clearmpcnge3' is not defined                    no-undef
   524:17  warning  'clearmovep3' is not defined                     no-undef
   534:10  warning  'p33' is defined but never used                  no-unused-vars
   536:3   warning  'clearp33' is not defined                        no-undef
   542:17  warning  'clearp33' is not defined                        no-undef
   545:3   warning  'clearmpcnge33' is not defined                   no-undef
   549:9   warning  'ctxsdrop3' is assigned a value but never used   no-unused-vars
   553:19  warning  'clearmpcnge33' is not defined                   no-undef
   558:10  warning  'sample_sampleD' is defined but never used       no-unused-vars
   574:10  warning  'p4' is defined but never used                   no-unused-vars
   575:3   warning  'clearp4' is not defined                         no-undef
   580:17  warning  'clearp4' is not defined                         no-undef
   583:3   warning  'clearmpcnge4' is not defined                    no-undef
   588:5   warning  'clearmovep4' is not defined                     no-undef
   593:17  warning  'clearmpcnge4' is not defined                    no-undef
   594:17  warning  'clearmovep4' is not defined                     no-undef
   605:10  warning  'p44' is defined but never used                  no-unused-vars
   607:3   warning  'clearp44' is not defined                        no-undef
   613:17  warning  'clearp44' is not defined                        no-undef
   616:3   warning  'clearmpcnge44' is not defined                   no-undef
   620:9   warning  'ctxsdrop4' is assigned a value but never used   no-unused-vars
   624:19  warning  'clearmpcnge44' is not defined                   no-undef
   628:10  warning  'sample_sampleE' is defined but never used       no-unused-vars
   643:10  warning  'p5' is defined but never used                   no-unused-vars
   644:3   warning  'clearp5' is not defined                         no-undef
   650:17  warning  'clearp5' is not defined                         no-undef
   653:3   warning  'clearmpcnge5' is not defined                    no-undef
   659:5   warning  'clearmovep5' is not defined                     no-undef
   664:17  warning  'clearmpcnge5' is not defined                    no-undef
   675:10  warning  'p55' is defined but never used                  no-unused-vars
   676:17  warning  'clearmovep5' is not defined                     no-undef
   677:3   warning  'clearp55' is not defined                        no-undef
   684:17  warning  'clearp55' is not defined                        no-undef
   687:3   warning  'clearmpcnge55' is not defined                   no-undef
   691:9   warning  'ctxsdrop5' is assigned a value but never used   no-unused-vars
   695:19  warning  'clearmpcnge55' is not defined                   no-undef
   701:10  warning  'putdowntop' is defined but never used           no-unused-vars
   729:5   warning  'imgicetray' is assigned a value but never used  no-unused-vars
   730:10  warning  'putupicetray' is defined but never used         no-unused-vars
   765:10  warning  'run_gel' is defined but never used              no-unused-vars
   792:10  warning  'txtvolt' is defined but never used              no-unused-vars
   824:10  warning  'txtvoltp' is defined but never used             no-unused-vars
   858:10  warning  'txtvoltd' is defined but never used             no-unused-vars
   888:12  warning  'rungel' is defined but never used               no-unused-vars
   893:3   warning  '$' is not defined                               no-undef
   894:3   warning  '$' is not defined                               no-undef
   895:1   warning  Mixed spaces and tabs                            no-mixed-spaces-and-tabs
   899:3   warning  '$' is not defined                               no-undef
   900:3   warning  '$' is not defined                               no-undef
   901:1   warning  Mixed spaces and tabs                            no-mixed-spaces-and-tabs
   914:12  warning  'cancelmsg' is defined but never used            no-unused-vars
   922:12  warning  'puttopup' is defined but never used             no-unused-vars
   960:12  warning  'view_sample_UVlight' is defined but never used  no-unused-vars
   978:5   warning  'canvasuv1' is not defined                       no-undef
   979:3   warning  'ctxuv1' is not defined                          no-undef
   979:12  warning  'canvasuv1' is not defined                       no-undef
   980:20  warning  'ctxuv1' is not defined                          no-undef
   980:54  warning  'canvasuv1' is not defined                       no-undef
   988:3   warning  'ctxuv1' is not defined                          no-undef
   991:5   warning  'ctxuv1' is not defined                          no-undef
   992:5   warning  'ctxuv1' is not defined                          no-undef
   993:5   warning  'ctxuv1' is not defined                          no-undef
   994:5   warning  'ctxuv1' is not defined                          no-undef
   995:5   warning  'ctxuv1' is not defined                          no-undef
   998:5   warning  'canvasuv2' is not defined                       no-undef
   999:3   warning  'ctxuv2' is not defined                          no-undef
   999:12  warning  'canvasuv2' is not defined                       no-undef
  1000:21  warning  'ctxuv1' is not defined                          no-undef
  1000:55  warning  'canvasuv2' is not defined                       no-undef
  1008:3   warning  'ctxuv2' is not defined                          no-undef
  1011:5   warning  'ctxuv2' is not defined                          no-undef
  1012:5   warning  'ctxuv2' is not defined                          no-undef
  1013:5   warning  'ctxuv2' is not defined                          no-undef
  1014:5   warning  'ctxuv2' is not defined                          no-undef
  1015:5   warning  'ctxuv2' is not defined                          no-undef
  1024:4   warning  'canvass11' is not defined                       no-undef
  1025:4   warning  'ctxgs11' is not defined                         no-undef
  1025:14  warning  'canvass11' is not defined                       no-undef
  1032:23  warning  'ctxgs11' is not defined                         no-undef
  1032:61  warning  'canvass11' is not defined                       no-undef
  1040:6   warning  'ctxgs11' is not defined                         no-undef
  1045:6   warning  'ctxgs11' is not defined                         no-undef
  1046:6   warning  'ctxgs11' is not defined                         no-undef
  1047:6   warning  'ctxgs11' is not defined                         no-undef
  1048:6   warning  'ctxgs11' is not defined                         no-undef
  1049:6   warning  'ctxgs11' is not defined                         no-undef
  1055:29  warning  'canvass11' is not defined                       no-undef
  1065:6   warning  'cancelani1' is not defined                      no-undef
  1073:4   warning  'canvass21' is not defined                       no-undef
  1074:4   warning  'ctxgs21' is not defined                         no-undef
  1074:14  warning  'canvass21' is not defined                       no-undef
  1081:24  warning  'ctxgs21' is not defined                         no-undef
  1081:62  warning  'canvass21' is not defined                       no-undef
  1089:6   warning  'ctxgs21' is not defined                         no-undef
  1094:6   warning  'ctxgs21' is not defined                         no-undef
  1095:6   warning  'ctxgs21' is not defined                         no-undef
  1096:6   warning  'ctxgs21' is not defined                         no-undef
  1097:6   warning  'ctxgs21' is not defined                         no-undef
  1098:6   warning  'ctxgs21' is not defined                         no-undef
  1104:31  warning  'canvass21' is not defined                       no-undef
  1114:6   warning  'cancelani2' is not defined                      no-undef
  1121:2   warning  'canvass31' is not defined                       no-undef
  1122:2   warning  'ctxgs31' is not defined                         no-undef
  1122:12  warning  'canvass31' is not defined                       no-undef
  1129:22  warning  'ctxgs31' is not defined                         no-undef
  1129:60  warning  'canvass31' is not defined                       no-undef
  1137:4   warning  'ctxgs31' is not defined                         no-undef
  1142:4   warning  'ctxgs31' is not defined                         no-undef
  1143:4   warning  'ctxgs31' is not defined                         no-undef
  1144:4   warning  'ctxgs31' is not defined                         no-undef
  1145:4   warning  'ctxgs31' is not defined                         no-undef
  1146:4   warning  'ctxgs31' is not defined                         no-undef
  1152:29  warning  'canvass31' is not defined                       no-undef
  1162:4   warning  'cancelani3' is not defined                      no-undef
  1168:1   warning  'canvass41' is not defined                       no-undef
  1169:1   warning  'ctxgs41' is not defined                         no-undef
  1169:11  warning  'canvass41' is not defined                       no-undef
  1176:20  warning  'ctxgs41' is not defined                         no-undef
  1176:58  warning  'canvass41' is not defined                       no-undef
  1184:2   warning  'ctxgs41' is not defined                         no-undef
  1189:2   warning  'ctxgs41' is not defined                         no-undef
  1190:2   warning  'ctxgs41' is not defined                         no-undef
  1191:2   warning  'ctxgs41' is not defined                         no-undef
  1192:2   warning  'ctxgs41' is not defined                         no-undef
  1193:2   warning  'ctxgs41' is not defined                         no-undef
  1199:27  warning  'canvass41' is not defined                       no-undef
  1209:2   warning  'cancelani4' is not defined                      no-undef
  1215:1   warning  'canvass51' is not defined                       no-undef
  1216:1   warning  'ctxgs51' is not defined                         no-undef
  1216:11  warning  'canvass51' is not defined                       no-undef
  1223:20  warning  'ctxgs51' is not defined                         no-undef
  1223:58  warning  'canvass51' is not defined                       no-undef
  1231:2   warning  'ctxgs51' is not defined                         no-undef
  1236:2   warning  'ctxgs51' is not defined                         no-undef
  1237:2   warning  'ctxgs51' is not defined                         no-undef
  1238:2   warning  'ctxgs51' is not defined                         no-undef
  1239:2   warning  'ctxgs51' is not defined                         no-undef
  1240:2   warning  'ctxgs51' is not defined                         no-undef
  1246:27  warning  'canvass51' is not defined                       no-undef
  1256:2   warning  'cancelani5' is not defined                      no-undef

/home/runner/work/exp-protein-dna-emsa-iitkgp/exp-protein-dna-emsa-iitkgp/experiment/simulation/js/volconnection.js
    2:1   warning  'jsPlumb' is not defined                         no-undef
    7:9   warning  'addDisc' is assigned a value but never used     no-unused-vars
    9:17  warning  'e' is assigned a value but never used           no-unused-vars
    9:21  warning  'prepare' is not defined                         no-undef
   16:9   warning  'reset' is assigned a value but never used       no-unused-vars
   29:51  warning  'ui' is defined but never used                   no-unused-vars
   31:21  warning  'jsPlumb' is not defined                         no-undef
   37:25  warning  'jsPlumb' is not defined                         no-undef
   45:21  warning  'id' is assigned a value but never used          no-unused-vars
  121:16  warning  'jsPlumb' is not defined                         no-undef
  139:13  warning  'e1' is assigned a value but never used          no-unused-vars
  141:13  warning  'e2' is assigned a value but never used          no-unused-vars
  142:13  warning  'e3' is assigned a value but never used          no-unused-vars
  143:13  warning  'e4' is assigned a value but never used          no-unused-vars
  144:9   warning  'e5' is not defined                              no-undef
  145:13  warning  'e6' is not defined                              no-undef
  147:9   warning  'e7' is not defined                              no-undef
  148:13  warning  'e8' is not defined                              no-undef
  150:9   warning  'e9' is not defined                              no-undef
  151:13  warning  'e10' is not defined                             no-undef
  159:54  warning  'originalEvent' is defined but never used        no-unused-vars
  184:5   warning  'jsPlumb' is not defined                         no-undef
  402:13  warning  'count' is assigned a value but never used       no-unused-vars
  590:13  warning  '$' is not defined                               no-undef
  591:13  warning  '$' is not defined                               no-undef
  623:13  warning  '$' is not defined                               no-undef
  624:13  warning  '$' is not defined                               no-undef
  665:29  warning  'cancelani1' is not defined                      no-undef
  666:29  warning  'cancelani2' is not defined                      no-undef
  667:29  warning  'cancelani3' is not defined                      no-undef
  668:29  warning  'cancelani4' is not defined                      no-undef
  669:29  warning  'cancelani5' is not defined                      no-undef
  716:13  warning  Move function declaration to function body root  no-inner-declarations
  729:13  warning  Move function declaration to function body root  no-inner-declarations

✖ 452 problems (0 errors, 452 warnings)
  0 errors and 17 warnings potentially fixable with the `--fix` option.

